#-----------------------------------------------------------
# Vivado v2019.1 (64-bit)
# SW Build 2552052 on Fri May 24 14:49:42 MDT 2019
# IP Build 2548770 on Fri May 24 18:01:18 MDT 2019
# Start of session at: Thu Mar 19 15:21:05 2020
# Process ID: 10228
# Current directory: D:/RISC
# Command line: vivado.exe -gui_launcher_event rodinguilauncherevent21464 D:\RISC\RISC.xpr
# Log file: D:/RISC/vivado.log
# Journal file: D:/RISC\vivado.jou
#-----------------------------------------------------------
start_gui
open_project D:/RISC/RISC.xpr
INFO: [Project 1-313] Project file moved from 'C:/Users/Akriti/RISC' since last save.
Scanning sources...
Finished scanning sources
INFO: [Project 1-230] Project 'RISC.xpr' upgraded for this version of Vivado.
INFO: [IP_Flow 19-234] Refreshing IP repositories
INFO: [IP_Flow 19-1704] No user IP repositories specified
INFO: [IP_Flow 19-2313] Loaded Vivado IP repository 'D:/Vivado/2019.1/data/ip'.
open_project: Time (s): cpu = 00:00:29 ; elapsed = 00:00:48 . Memory (MB): peak = 671.910 ; gain = 70.988
update_compile_order -fileset sources_1
exit
INFO: [Common 17-206] Exiting Vivado at Thu Mar 19 15:48:28 2020...
