#-----------------------------------------------------------
# Vivado v2019.1 (64-bit)
# SW Build 2552052 on Fri May 24 14:49:42 MDT 2019
# IP Build 2548770 on Fri May 24 18:01:18 MDT 2019
# Start of session at: Wed Apr  8 12:23:52 2020
# Process ID: 7704
# Current directory: D:/RISC
# Command line: vivado.exe -gui_launcher_event rodinguilauncherevent8656 D:\RISC\RISC.xpr
# Log file: D:/RISC/vivado.log
# Journal file: D:/RISC\vivado.jou
#-----------------------------------------------------------
start_gui
open_project D:/RISC/RISC.xpr
Scanning sources...
Finished scanning sources
INFO: [IP_Flow 19-234] Refreshing IP repositories
INFO: [IP_Flow 19-1704] No user IP repositories specified
INFO: [IP_Flow 19-2313] Loaded Vivado IP repository 'D:/Vivado/2019.1/data/ip'.
open_project: Time (s): cpu = 00:00:35 ; elapsed = 00:00:38 . Memory (MB): peak = 666.391 ; gain = 79.477
update_compile_order -fileset sources_1
synth_design -rtl -name rtl_1
Command: synth_design -rtl -name rtl_1
Starting synth_design
Using part: xc7k70tfbv676-1
Top: stage1
INFO: [Device 21-403] Loading part xc7k70tfbv676-1
---------------------------------------------------------------------------------
Starting RTL Elaboration : Time (s): cpu = 00:00:04 ; elapsed = 00:00:08 . Memory (MB): peak = 1080.523 ; gain = 176.848
---------------------------------------------------------------------------------
INFO: [Synth 8-6157] synthesizing module 'stage1' [D:/RISC/RISC.srcs/sources_1/new/stage1.v:23]
INFO: [Synth 8-6157] synthesizing module 'mux' [D:/RISC/RISC.srcs/sources_1/new/mux.v:24]
INFO: [Synth 8-6155] done synthesizing module 'mux' (1#1) [D:/RISC/RISC.srcs/sources_1/new/mux.v:24]
WARNING: [Synth 8-4446] all outputs are unconnected for this instance and logic may be removed [D:/RISC/RISC.srcs/sources_1/new/stage1.v:38]
INFO: [Synth 8-6157] synthesizing module 'program_counter' [D:/RISC/program_counter.v:21]
INFO: [Synth 8-6155] done synthesizing module 'program_counter' (2#1) [D:/RISC/program_counter.v:21]
ERROR: [Synth 8-448] named port connection 'NPCin' does not exist for instance 'ProgCount' of module 'program_counter' [D:/RISC/RISC.srcs/sources_1/new/stage1.v:40]
ERROR: [Synth 8-448] named port connection 'NPCout' does not exist for instance 'ProgCount' of module 'program_counter' [D:/RISC/RISC.srcs/sources_1/new/stage1.v:41]
WARNING: [Synth 8-7023] instance 'ProgCount' of module 'program_counter' has 4 connections declared, but only 1 given [D:/RISC/RISC.srcs/sources_1/new/stage1.v:38]
INFO: [Synth 8-6157] synthesizing module 'INCR' [D:/RISC/RISC.srcs/sources_1/new/INCR.v:23]
ERROR: [Synth 8-6156] failed synthesizing module 'INCR' [D:/RISC/RISC.srcs/sources_1/new/INCR.v:23]
ERROR: [Synth 8-6156] failed synthesizing module 'stage1' [D:/RISC/RISC.srcs/sources_1/new/stage1.v:23]
---------------------------------------------------------------------------------
Finished RTL Elaboration : Time (s): cpu = 00:00:06 ; elapsed = 00:00:11 . Memory (MB): peak = 1149.273 ; gain = 245.598
---------------------------------------------------------------------------------
RTL Elaboration failed
7 Infos, 2 Warnings, 0 Critical Warnings and 5 Errors encountered.
synth_design failed
ERROR: [Vivado_Tcl 4-5] Elaboration failed - please see the console for details
exit
INFO: [Common 17-206] Exiting Vivado at Wed Apr  8 12:30:54 2020...
