#-----------------------------------------------------------
# Vivado v2019.2 (64-bit)
# SW Build 2708876 on Wed Nov  6 21:40:23 MST 2019
# IP Build 2700528 on Thu Nov  7 00:09:20 MST 2019
# Start of session at: Tue Dec 22 13:00:57 2020
# Process ID: 13772
# Current directory: D:/semester 2/verilog/RISC
# Command line: vivado.exe -gui_launcher_event rodinguilauncherevent18776 D:\semester 2\verilog\RISC\RISC.xpr
# Log file: D:/semester 2/verilog/RISC/vivado.log
# Journal file: D:/semester 2/verilog/RISC\vivado.jou
#-----------------------------------------------------------
start_gui
open_project {D:/semester 2/verilog/RISC/RISC.xpr}
INFO: [Project 1-313] Project file moved from 'D:/RISC' since last save.
Scanning sources...
Finished scanning sources
INFO: [Project 1-230] Project 'RISC.xpr' upgraded for this version of Vivado.
INFO: [IP_Flow 19-234] Refreshing IP repositories
INFO: [IP_Flow 19-1704] No user IP repositories specified
INFO: [IP_Flow 19-2313] Loaded Vivado IP repository 'C:/Xilinx/Vivado/2019.2/data/ip'.
open_project: Time (s): cpu = 00:00:17 ; elapsed = 00:00:07 . Memory (MB): peak = 764.301 ; gain = 121.703
update_compile_order -fileset sources_1
